[debug] [2026-05-17T19:56:11.362Z] ----------------------------------------------------------------------
[debug] [2026-05-17T19:56:11.366Z] Command:       C:\Program Files\nodejs\node.exe C:\Users\swego\AppData\Roaming\npm\node_modules\firebase-tools\lib\bin\firebase.js init hosting
[debug] [2026-05-17T19:56:11.367Z] CLI Version:   15.18.0
[debug] [2026-05-17T19:56:11.367Z] Platform:      win32
[debug] [2026-05-17T19:56:11.367Z] Node Version:  v24.13.0
[debug] [2026-05-17T19:56:11.368Z] Time:          Mon May 18 2026 00:56:11 GMT+0500 (Екатеринбург, стандартное время)
[debug] [2026-05-17T19:56:11.368Z] ----------------------------------------------------------------------
[debug] 
[info] 
     ######## #### ########  ######## ########     ###     ######  ########
     ##        ##  ##     ## ##       ##     ##  ##   ##  ##       ##
     ######    ##  ########  ######   ########  #########  ######  ######
     ##        ##  ##    ##  ##       ##     ## ##     ##       ## ##
     ##       #### ##     ## ######## ########  ##     ##  ######  ########

You're about to initialize a Firebase project in this directory:

  C:\Users\Public\финальный сайт\Weblab

Before we get started, keep in mind:

  * You are currently outside your home directory

[info] 
=== Project Setup
[info] 
[info] First, let's associate this project directory with a Firebase project.
[info] You can create multiple project aliases by running firebase use --add, 
[info] 
[debug] [2026-05-17T19:56:24.672Z] > command requires scopes: ["email","openid","https://www.googleapis.com/auth/cloudplatformprojects.readonly","https://www.googleapis.com/auth/firebase","https://www.googleapis.com/auth/cloud-platform"]
[debug] [2026-05-17T19:56:24.672Z] > authorizing via signed-in user (swegogoleg@gmail.com)
[debug] [2026-05-17T19:56:24.673Z] Checked if tokens are valid: true, expires at: 1779051200658
[debug] [2026-05-17T19:56:24.673Z] Checked if tokens are valid: true, expires at: 1779051200658
[debug] [2026-05-17T19:56:24.674Z] >>> [apiv2][query] GET https://firebase.googleapis.com/v1beta1/projects/weblab-v0 [none]
[debug] [2026-05-17T19:56:25.444Z] <<< [apiv2][status] GET https://firebase.googleapis.com/v1beta1/projects/weblab-v0 200
[debug] [2026-05-17T19:56:25.445Z] <<< [apiv2][body] GET https://firebase.googleapis.com/v1beta1/projects/weblab-v0 {"projectId":"weblab-v0","projectNumber":"648017299689","displayName":"WEBLAB-V0","name":"projects/weblab-v0","resources":{"hostingSite":"weblab-v0"},"state":"ACTIVE","etag":"1_91f2ecf5-6646-436e-bf7c-450508ee69aa"}
[info] i  Using project weblab-v0 (WEBLAB-V0) . 
[info] 
=== Hosting Setup
[info] 
